Username: Adaline.Walsh2, Password: CqoPJg5eGlKjG37
Username: Mack.Glover, Password: EGQnBMskPfs9z_C
Username: Kariane22, Password: pEXNQ7IYromnIYk
Username: Ona13, Password: APadxy1k4VwIBfb
Username: Augusta.Pfannerstill, Password: MwuEWhtf2Km_Zg_
Username: Don87, Password: tkDepC8x_KW5MfG
Username: Aniyah.Pfeffer41, Password: WJnVckD1ymeU65A
Username: Sandy13, Password: CeAorq_wkifW86b
Username: Constance.Altenwerth, Password: 3m6X5aZV6QiIxEM
Username: Kadin.Bogan46, Password: VtSaeBKW80kZaKH
Username: Luciano56, Password: uaFD2fHkcQqxHF0
Username: Xavier_Legros, Password: XW7FLpGLBXvsYE_
Username: Arne_Russel, Password: e7U_Q77VvO4DUJy
Username: Annalise92, Password: JC9deKp1T82kbv2
Username: Domenick_Hills, Password: bnOvpnpMgR4nLDa
Username: Janis.Miller58, Password: AnxlFVOX2biUPto
Username: Leif.Grady36, Password: 3G36MYJnXI07rjq
Username: Jesse.Adams15, Password: BJubYqgwfbRYr_A
Username: Orlando.OHara83, Password: bWfkHgCtcE6zo4t
Username: Gust24, Password: KYEm2nw4FtEoCo0
