{"level":"info","message":"Server started on port 3001","timestamp":"2024-10-25T11:10:23.534Z"}
{"level":"error","message":"Error while synchronizing tables self.log is not a function","stack":"TypeError: self.log is not a function\n    at Object.DerivedLogger.<computed> [as logging] (C:\\Users\\xicod\\Projetos\\social-cook\\backend\\node_modules\\winston\\lib\\winston\\create-logger.js:95:19)\n    at Sequelize.log (C:\\Users\\xicod\\Projetos\\social-cook\\backend\\node_modules\\sequelize\\src\\sequelize.js:1281:15)\n    at Query._logQuery (C:\\Users\\xicod\\Projetos\\social-cook\\backend\\node_modules\\sequelize\\src\\dialects\\abstract\\query.js:376:22)\n    at Query.run (C:\\Users\\xicod\\Projetos\\social-cook\\backend\\node_modules\\sequelize\\src\\dialects\\mysql\\query.js:39:27)\n    at C:\\Users\\xicod\\Projetos\\social-cook\\backend\\node_modules\\sequelize\\src\\sequelize.js:650:28\n    at processTicksAndRejections (node:internal/process/task_queues:95:5)\n    at async MySQLQueryInterface.dropTable (C:\\Users\\xicod\\Projetos\\social-cook\\backend\\node_modules\\sequelize\\src\\dialects\\abstract\\query-interface.js:265:5)\n    at async Function.drop (C:\\Users\\xicod\\Projetos\\social-cook\\backend\\node_modules\\sequelize\\src\\model.js:1448:12)\n    at async Sequelize.drop (C:\\Users\\xicod\\Projetos\\social-cook\\backend\\node_modules\\sequelize\\src\\sequelize.js:927:9)\n    at async Sequelize.sync (C:\\Users\\xicod\\Projetos\\social-cook\\backend\\node_modules\\sequelize\\src\\sequelize.js:807:7)","timestamp":"2024-10-25T11:10:23.578Z"}
{"level":"info","message":"Server started on port 3001","timestamp":"2024-10-29T12:18:10.335Z"}
{"level":"error","message":"Error while synchronizing tables self.log is not a function","stack":"TypeError: self.log is not a function\n    at Object.DerivedLogger.<computed> [as logging] (C:\\Users\\xicod\\Projetos\\social-cook\\backend\\node_modules\\winston\\lib\\winston\\create-logger.js:95:19)\n    at Sequelize.log (C:\\Users\\xicod\\Projetos\\social-cook\\backend\\node_modules\\sequelize\\src\\sequelize.js:1281:15)\n    at Query._logQuery (C:\\Users\\xicod\\Projetos\\social-cook\\backend\\node_modules\\sequelize\\src\\dialects\\abstract\\query.js:376:22)\n    at Query.run (C:\\Users\\xicod\\Projetos\\social-cook\\backend\\node_modules\\sequelize\\src\\dialects\\mysql\\query.js:39:27)\n    at C:\\Users\\xicod\\Projetos\\social-cook\\backend\\node_modules\\sequelize\\src\\sequelize.js:650:28\n    at processTicksAndRejections (node:internal/process/task_queues:95:5)\n    at async MySQLQueryInterface.dropTable (C:\\Users\\xicod\\Projetos\\social-cook\\backend\\node_modules\\sequelize\\src\\dialects\\abstract\\query-interface.js:265:5)\n    at async Function.drop (C:\\Users\\xicod\\Projetos\\social-cook\\backend\\node_modules\\sequelize\\src\\model.js:1448:12)\n    at async Sequelize.drop (C:\\Users\\xicod\\Projetos\\social-cook\\backend\\node_modules\\sequelize\\src\\sequelize.js:927:9)\n    at async Sequelize.sync (C:\\Users\\xicod\\Projetos\\social-cook\\backend\\node_modules\\sequelize\\src\\sequelize.js:807:7)","timestamp":"2024-10-29T12:18:10.406Z"}
{"level":"info","message":"Server started on port 3001","timestamp":"2024-10-29T12:19:57.630Z"}
{"level":"error","message":"Error while synchronizing tables You have an error in your SQL syntax; check the manual that corresponds to your MySQL server version for the right syntax to use near '[], `recipeId` INTEGER NOT NULL, `createdAt` DATETIME NOT NULL, `updatedAt` DATE' at line 1","name":"SequelizeDatabaseError","original":{"code":"ER_PARSE_ERROR","errno":1064,"sql":"CREATE TABLE IF NOT EXISTS `preperations` (`id` INTEGER auto_increment , `prepVideo` VARCHAR(255), `steps` VARCHAR(255)[], `recipeId` INTEGER NOT NULL, `createdAt` DATETIME NOT NULL, `updatedAt` DATETIME NOT NULL, `deletedAt` DATETIME, PRIMARY KEY (`id`), FOREIGN KEY (`recipeId`) REFERENCES `recipes` (`id`) ON DELETE CASCADE ON UPDATE CASCADE) ENGINE=InnoDB;","sqlMessage":"You have an error in your SQL syntax; check the manual that corresponds to your MySQL server version for the right syntax to use near '[], `recipeId` INTEGER NOT NULL, `createdAt` DATETIME NOT NULL, `updatedAt` DATE' at line 1","sqlState":"42000"},"parameters":{},"parent":{"code":"ER_PARSE_ERROR","errno":1064,"sql":"CREATE TABLE IF NOT EXISTS `preperations` (`id` INTEGER auto_increment , `prepVideo` VARCHAR(255), `steps` VARCHAR(255)[], `recipeId` INTEGER NOT NULL, `createdAt` DATETIME NOT NULL, `updatedAt` DATETIME NOT NULL, `deletedAt` DATETIME, PRIMARY KEY (`id`), FOREIGN KEY (`recipeId`) REFERENCES `recipes` (`id`) ON DELETE CASCADE ON UPDATE CASCADE) ENGINE=InnoDB;","sqlMessage":"You have an error in your SQL syntax; check the manual that corresponds to your MySQL server version for the right syntax to use near '[], `recipeId` INTEGER NOT NULL, `createdAt` DATETIME NOT NULL, `updatedAt` DATE' at line 1","sqlState":"42000"},"sql":"CREATE TABLE IF NOT EXISTS `preperations` (`id` INTEGER auto_increment , `prepVideo` VARCHAR(255), `steps` VARCHAR(255)[], `recipeId` INTEGER NOT NULL, `createdAt` DATETIME NOT NULL, `updatedAt` DATETIME NOT NULL, `deletedAt` DATETIME, PRIMARY KEY (`id`), FOREIGN KEY (`recipeId`) REFERENCES `recipes` (`id`) ON DELETE CASCADE ON UPDATE CASCADE) ENGINE=InnoDB;","stack":"Error\n    at Query.run (C:\\Users\\xicod\\Projetos\\social-cook\\backend\\node_modules\\sequelize\\src\\dialects\\mysql\\query.js:46:25)\n    at C:\\Users\\xicod\\Projetos\\social-cook\\backend\\node_modules\\sequelize\\src\\sequelize.js:650:28\n    at processTicksAndRejections (node:internal/process/task_queues:95:5)\n    at async MySQLQueryInterface.createTable (C:\\Users\\xicod\\Projetos\\social-cook\\backend\\node_modules\\sequelize\\src\\dialects\\abstract\\query-interface.js:229:12)\n    at async Function.sync (C:\\Users\\xicod\\Projetos\\social-cook\\backend\\node_modules\\sequelize\\src\\model.js:1353:7)\n    at async Sequelize.sync (C:\\Users\\xicod\\Projetos\\social-cook\\backend\\node_modules\\sequelize\\src\\sequelize.js:825:9)","timestamp":"2024-10-29T12:19:58.202Z"}
{"level":"info","message":"Server started on port 3001","timestamp":"2024-10-29T12:21:28.667Z"}
{"level":"info","message":"Server started on port 3001","timestamp":"2024-10-29T12:21:49.024Z"}
{"level":"error","message":"Error while synchronizing tables You have an error in your SQL syntax; check the manual that corresponds to your MySQL server version for the right syntax to use near '[], `recipeId` INTEGER NOT NULL, `createdAt` DATETIME NOT NULL, `updatedAt` DATE' at line 1","name":"SequelizeDatabaseError","original":{"code":"ER_PARSE_ERROR","errno":1064,"sql":"CREATE TABLE IF NOT EXISTS `preperations` (`id` INTEGER auto_increment , `prepVideo` VARCHAR(255), `steps` VARCHAR(255)[], `recipeId` INTEGER NOT NULL, `createdAt` DATETIME NOT NULL, `updatedAt` DATETIME NOT NULL, `deletedAt` DATETIME, PRIMARY KEY (`id`), FOREIGN KEY (`recipeId`) REFERENCES `recipes` (`id`) ON DELETE CASCADE ON UPDATE CASCADE) ENGINE=InnoDB;","sqlMessage":"You have an error in your SQL syntax; check the manual that corresponds to your MySQL server version for the right syntax to use near '[], `recipeId` INTEGER NOT NULL, `createdAt` DATETIME NOT NULL, `updatedAt` DATE' at line 1","sqlState":"42000"},"parameters":{},"parent":{"code":"ER_PARSE_ERROR","errno":1064,"sql":"CREATE TABLE IF NOT EXISTS `preperations` (`id` INTEGER auto_increment , `prepVideo` VARCHAR(255), `steps` VARCHAR(255)[], `recipeId` INTEGER NOT NULL, `createdAt` DATETIME NOT NULL, `updatedAt` DATETIME NOT NULL, `deletedAt` DATETIME, PRIMARY KEY (`id`), FOREIGN KEY (`recipeId`) REFERENCES `recipes` (`id`) ON DELETE CASCADE ON UPDATE CASCADE) ENGINE=InnoDB;","sqlMessage":"You have an error in your SQL syntax; check the manual that corresponds to your MySQL server version for the right syntax to use near '[], `recipeId` INTEGER NOT NULL, `createdAt` DATETIME NOT NULL, `updatedAt` DATE' at line 1","sqlState":"42000"},"sql":"CREATE TABLE IF NOT EXISTS `preperations` (`id` INTEGER auto_increment , `prepVideo` VARCHAR(255), `steps` VARCHAR(255)[], `recipeId` INTEGER NOT NULL, `createdAt` DATETIME NOT NULL, `updatedAt` DATETIME NOT NULL, `deletedAt` DATETIME, PRIMARY KEY (`id`), FOREIGN KEY (`recipeId`) REFERENCES `recipes` (`id`) ON DELETE CASCADE ON UPDATE CASCADE) ENGINE=InnoDB;","stack":"Error\n    at Query.run (C:\\Users\\xicod\\Projetos\\social-cook\\backend\\node_modules\\sequelize\\src\\dialects\\mysql\\query.js:46:25)\n    at C:\\Users\\xicod\\Projetos\\social-cook\\backend\\node_modules\\sequelize\\src\\sequelize.js:650:28\n    at processTicksAndRejections (node:internal/process/task_queues:95:5)\n    at async MySQLQueryInterface.createTable (C:\\Users\\xicod\\Projetos\\social-cook\\backend\\node_modules\\sequelize\\src\\dialects\\abstract\\query-interface.js:229:12)\n    at async Function.sync (C:\\Users\\xicod\\Projetos\\social-cook\\backend\\node_modules\\sequelize\\src\\model.js:1353:7)\n    at async Sequelize.sync (C:\\Users\\xicod\\Projetos\\social-cook\\backend\\node_modules\\sequelize\\src\\sequelize.js:825:9)","timestamp":"2024-10-29T12:21:49.403Z"}
{"level":"info","message":"Server started on port 3001","timestamp":"2024-10-29T12:47:55.638Z"}
{"level":"error","message":"Error while synchronizing tables You have an error in your SQL syntax; check the manual that corresponds to your MySQL server version for the right syntax to use near '[], `recipeId` INTEGER NOT NULL, `createdAt` DATETIME NOT NULL, `updatedAt` DATE' at line 1","name":"SequelizeDatabaseError","original":{"code":"ER_PARSE_ERROR","errno":1064,"sql":"CREATE TABLE IF NOT EXISTS `preperations` (`id` INTEGER auto_increment , `prepVideo` VARCHAR(255), `steps` VARCHAR(255)[], `recipeId` INTEGER NOT NULL, `createdAt` DATETIME NOT NULL, `updatedAt` DATETIME NOT NULL, `deletedAt` DATETIME, PRIMARY KEY (`id`), FOREIGN KEY (`recipeId`) REFERENCES `recipes` (`id`) ON DELETE CASCADE ON UPDATE CASCADE) ENGINE=InnoDB;","sqlMessage":"You have an error in your SQL syntax; check the manual that corresponds to your MySQL server version for the right syntax to use near '[], `recipeId` INTEGER NOT NULL, `createdAt` DATETIME NOT NULL, `updatedAt` DATE' at line 1","sqlState":"42000"},"parameters":{},"parent":{"code":"ER_PARSE_ERROR","errno":1064,"sql":"CREATE TABLE IF NOT EXISTS `preperations` (`id` INTEGER auto_increment , `prepVideo` VARCHAR(255), `steps` VARCHAR(255)[], `recipeId` INTEGER NOT NULL, `createdAt` DATETIME NOT NULL, `updatedAt` DATETIME NOT NULL, `deletedAt` DATETIME, PRIMARY KEY (`id`), FOREIGN KEY (`recipeId`) REFERENCES `recipes` (`id`) ON DELETE CASCADE ON UPDATE CASCADE) ENGINE=InnoDB;","sqlMessage":"You have an error in your SQL syntax; check the manual that corresponds to your MySQL server version for the right syntax to use near '[], `recipeId` INTEGER NOT NULL, `createdAt` DATETIME NOT NULL, `updatedAt` DATE' at line 1","sqlState":"42000"},"sql":"CREATE TABLE IF NOT EXISTS `preperations` (`id` INTEGER auto_increment , `prepVideo` VARCHAR(255), `steps` VARCHAR(255)[], `recipeId` INTEGER NOT NULL, `createdAt` DATETIME NOT NULL, `updatedAt` DATETIME NOT NULL, `deletedAt` DATETIME, PRIMARY KEY (`id`), FOREIGN KEY (`recipeId`) REFERENCES `recipes` (`id`) ON DELETE CASCADE ON UPDATE CASCADE) ENGINE=InnoDB;","stack":"Error\n    at Query.run (C:\\Users\\xicod\\Projetos\\social-cook\\backend\\node_modules\\sequelize\\src\\dialects\\mysql\\query.js:46:25)\n    at C:\\Users\\xicod\\Projetos\\social-cook\\backend\\node_modules\\sequelize\\src\\sequelize.js:650:28\n    at processTicksAndRejections (node:internal/process/task_queues:95:5)\n    at async MySQLQueryInterface.createTable (C:\\Users\\xicod\\Projetos\\social-cook\\backend\\node_modules\\sequelize\\src\\dialects\\abstract\\query-interface.js:229:12)\n    at async Function.sync (C:\\Users\\xicod\\Projetos\\social-cook\\backend\\node_modules\\sequelize\\src\\model.js:1353:7)\n    at async Sequelize.sync (C:\\Users\\xicod\\Projetos\\social-cook\\backend\\node_modules\\sequelize\\src\\sequelize.js:825:9)","timestamp":"2024-10-29T12:47:55.959Z"}
{"level":"info","message":"Server started on port 3001","timestamp":"2024-10-29T12:49:36.498Z"}
{"level":"error","message":"Error while synchronizing tables You have an error in your SQL syntax; check the manual that corresponds to your MySQL server version for the right syntax to use near '[], `recipeId` INTEGER NOT NULL, `createdAt` DATETIME NOT NULL, `updatedAt` DATE' at line 1","name":"SequelizeDatabaseError","original":{"code":"ER_PARSE_ERROR","errno":1064,"sql":"CREATE TABLE IF NOT EXISTS `preperations` (`id` INTEGER auto_increment , `prepVideo` VARCHAR(255), `steps` VARCHAR(255)[], `recipeId` INTEGER NOT NULL, `createdAt` DATETIME NOT NULL, `updatedAt` DATETIME NOT NULL, `deletedAt` DATETIME, PRIMARY KEY (`id`), FOREIGN KEY (`recipeId`) REFERENCES `recipes` (`id`) ON DELETE CASCADE ON UPDATE CASCADE) ENGINE=InnoDB;","sqlMessage":"You have an error in your SQL syntax; check the manual that corresponds to your MySQL server version for the right syntax to use near '[], `recipeId` INTEGER NOT NULL, `createdAt` DATETIME NOT NULL, `updatedAt` DATE' at line 1","sqlState":"42000"},"parameters":{},"parent":{"code":"ER_PARSE_ERROR","errno":1064,"sql":"CREATE TABLE IF NOT EXISTS `preperations` (`id` INTEGER auto_increment , `prepVideo` VARCHAR(255), `steps` VARCHAR(255)[], `recipeId` INTEGER NOT NULL, `createdAt` DATETIME NOT NULL, `updatedAt` DATETIME NOT NULL, `deletedAt` DATETIME, PRIMARY KEY (`id`), FOREIGN KEY (`recipeId`) REFERENCES `recipes` (`id`) ON DELETE CASCADE ON UPDATE CASCADE) ENGINE=InnoDB;","sqlMessage":"You have an error in your SQL syntax; check the manual that corresponds to your MySQL server version for the right syntax to use near '[], `recipeId` INTEGER NOT NULL, `createdAt` DATETIME NOT NULL, `updatedAt` DATE' at line 1","sqlState":"42000"},"sql":"CREATE TABLE IF NOT EXISTS `preperations` (`id` INTEGER auto_increment , `prepVideo` VARCHAR(255), `steps` VARCHAR(255)[], `recipeId` INTEGER NOT NULL, `createdAt` DATETIME NOT NULL, `updatedAt` DATETIME NOT NULL, `deletedAt` DATETIME, PRIMARY KEY (`id`), FOREIGN KEY (`recipeId`) REFERENCES `recipes` (`id`) ON DELETE CASCADE ON UPDATE CASCADE) ENGINE=InnoDB;","stack":"Error\n    at Query.run (C:\\Users\\xicod\\Projetos\\social-cook\\backend\\node_modules\\sequelize\\src\\dialects\\mysql\\query.js:46:25)\n    at C:\\Users\\xicod\\Projetos\\social-cook\\backend\\node_modules\\sequelize\\src\\sequelize.js:650:28\n    at processTicksAndRejections (node:internal/process/task_queues:95:5)\n    at async MySQLQueryInterface.createTable (C:\\Users\\xicod\\Projetos\\social-cook\\backend\\node_modules\\sequelize\\src\\dialects\\abstract\\query-interface.js:229:12)\n    at async Function.sync (C:\\Users\\xicod\\Projetos\\social-cook\\backend\\node_modules\\sequelize\\src\\model.js:1353:7)\n    at async Sequelize.sync (C:\\Users\\xicod\\Projetos\\social-cook\\backend\\node_modules\\sequelize\\src\\sequelize.js:825:9)","timestamp":"2024-10-29T12:49:36.835Z"}
{"level":"info","message":"Server started on port 3001","timestamp":"2024-10-29T12:50:20.596Z"}
{"level":"error","message":"Error while synchronizing tables You have an error in your SQL syntax; check the manual that corresponds to your MySQL server version for the right syntax to use near '[], `recipeId` INTEGER NOT NULL, `createdAt` DATETIME NOT NULL, `updatedAt` DATE' at line 1","name":"SequelizeDatabaseError","original":{"code":"ER_PARSE_ERROR","errno":1064,"sql":"CREATE TABLE IF NOT EXISTS `preperations` (`id` INTEGER auto_increment , `prepVideo` VARCHAR(255), `steps` VARCHAR(255)[], `recipeId` INTEGER NOT NULL, `createdAt` DATETIME NOT NULL, `updatedAt` DATETIME NOT NULL, `deletedAt` DATETIME, PRIMARY KEY (`id`), FOREIGN KEY (`recipeId`) REFERENCES `recipes` (`id`) ON DELETE CASCADE ON UPDATE CASCADE) ENGINE=InnoDB;","sqlMessage":"You have an error in your SQL syntax; check the manual that corresponds to your MySQL server version for the right syntax to use near '[], `recipeId` INTEGER NOT NULL, `createdAt` DATETIME NOT NULL, `updatedAt` DATE' at line 1","sqlState":"42000"},"parameters":{},"parent":{"code":"ER_PARSE_ERROR","errno":1064,"sql":"CREATE TABLE IF NOT EXISTS `preperations` (`id` INTEGER auto_increment , `prepVideo` VARCHAR(255), `steps` VARCHAR(255)[], `recipeId` INTEGER NOT NULL, `createdAt` DATETIME NOT NULL, `updatedAt` DATETIME NOT NULL, `deletedAt` DATETIME, PRIMARY KEY (`id`), FOREIGN KEY (`recipeId`) REFERENCES `recipes` (`id`) ON DELETE CASCADE ON UPDATE CASCADE) ENGINE=InnoDB;","sqlMessage":"You have an error in your SQL syntax; check the manual that corresponds to your MySQL server version for the right syntax to use near '[], `recipeId` INTEGER NOT NULL, `createdAt` DATETIME NOT NULL, `updatedAt` DATE' at line 1","sqlState":"42000"},"sql":"CREATE TABLE IF NOT EXISTS `preperations` (`id` INTEGER auto_increment , `prepVideo` VARCHAR(255), `steps` VARCHAR(255)[], `recipeId` INTEGER NOT NULL, `createdAt` DATETIME NOT NULL, `updatedAt` DATETIME NOT NULL, `deletedAt` DATETIME, PRIMARY KEY (`id`), FOREIGN KEY (`recipeId`) REFERENCES `recipes` (`id`) ON DELETE CASCADE ON UPDATE CASCADE) ENGINE=InnoDB;","stack":"Error\n    at Query.run (C:\\Users\\xicod\\Projetos\\social-cook\\backend\\node_modules\\sequelize\\src\\dialects\\mysql\\query.js:46:25)\n    at C:\\Users\\xicod\\Projetos\\social-cook\\backend\\node_modules\\sequelize\\src\\sequelize.js:650:28\n    at processTicksAndRejections (node:internal/process/task_queues:95:5)\n    at async MySQLQueryInterface.createTable (C:\\Users\\xicod\\Projetos\\social-cook\\backend\\node_modules\\sequelize\\src\\dialects\\abstract\\query-interface.js:229:12)\n    at async Function.sync (C:\\Users\\xicod\\Projetos\\social-cook\\backend\\node_modules\\sequelize\\src\\model.js:1353:7)\n    at async Sequelize.sync (C:\\Users\\xicod\\Projetos\\social-cook\\backend\\node_modules\\sequelize\\src\\sequelize.js:825:9)","timestamp":"2024-10-29T12:50:20.907Z"}
{"level":"info","message":"Server started on port 3001","timestamp":"2024-10-29T12:51:01.961Z"}
{"level":"info","message":"Database & tables created!","timestamp":"2024-10-29T12:51:02.651Z"}
{"level":"info","message":"Server started on port 3001","timestamp":"2024-10-29T12:51:23.900Z"}
{"level":"info","message":"Database & tables created!","timestamp":"2024-10-29T12:51:23.981Z"}
{"level":"info","message":"Server started on port 3001","timestamp":"2024-10-29T12:51:26.864Z"}
{"level":"info","message":"Database & tables created!","timestamp":"2024-10-29T12:51:26.959Z"}
{"level":"info","message":"Server started on port 3001","timestamp":"2024-11-04T16:12:35.218Z"}
{"level":"info","message":"Database & tables created!","timestamp":"2024-11-04T16:12:35.408Z"}
{"level":"info","message":"Server started on port 3001","timestamp":"2024-11-04T16:12:47.179Z"}
{"level":"info","message":"Database & tables created!","timestamp":"2024-11-04T16:12:48.022Z"}
{"level":"info","message":"Server started on port 3001","timestamp":"2024-11-04T16:14:31.712Z"}
{"level":"info","message":"Database & tables created!","timestamp":"2024-11-04T16:14:32.518Z"}
{"level":"info","message":"Server started on port 3001","timestamp":"2024-11-04T16:23:14.439Z"}
{"level":"info","message":"Database & tables created!","timestamp":"2024-11-04T16:23:15.239Z"}
{"level":"info","message":"Server started on port 3001","timestamp":"2024-11-04T16:27:13.254Z"}
{"level":"info","message":"Database & tables created!","timestamp":"2024-11-04T16:27:14.107Z"}
{"level":"info","message":"Server started on port 3001","timestamp":"2024-11-04T16:27:38.618Z"}
{"level":"info","message":"Database & tables created!","timestamp":"2024-11-04T16:27:39.391Z"}
{"level":"info","message":"Server started on port 3001","timestamp":"2024-11-04T16:28:15.052Z"}
{"level":"info","message":"Database & tables created!","timestamp":"2024-11-04T16:28:15.872Z"}
{"level":"info","message":"Server started on port 3001","timestamp":"2024-11-04T16:35:54.773Z"}
{"level":"info","message":"Database & tables created!","timestamp":"2024-11-04T16:35:54.865Z"}
{"level":"info","message":"Server started on port 3001","timestamp":"2024-11-04T16:48:25.674Z"}
{"level":"info","message":"Database & tables created!","timestamp":"2024-11-04T16:48:25.769Z"}
{"level":"info","message":"Server started on port 3001","timestamp":"2024-11-04T16:49:37.547Z"}
{"level":"info","message":"Database & tables created!","timestamp":"2024-11-04T16:49:37.633Z"}
{"level":"info","message":"Server started on port 3001","timestamp":"2024-11-05T13:24:31.118Z"}
{"level":"info","message":"Database & tables created!","timestamp":"2024-11-05T13:24:31.944Z"}
{"level":"info","message":"Server started on port 3001","timestamp":"2024-11-05T13:25:34.223Z"}
{"level":"info","message":"Database & tables created!","timestamp":"2024-11-05T13:25:34.316Z"}
{"level":"info","message":"Server started on port 3001","timestamp":"2024-11-05T13:33:46.079Z"}
{"level":"info","message":"Database & tables created!","timestamp":"2024-11-05T13:33:46.168Z"}
{"level":"info","message":"Server started on port 3001","timestamp":"2024-11-05T14:27:24.615Z"}
{"level":"info","message":"Database & tables created!","timestamp":"2024-11-05T14:27:24.798Z"}
{"level":"info","message":"Server started on port 3001","timestamp":"2024-11-05T14:47:15.151Z"}
{"level":"info","message":"Database & tables created!","timestamp":"2024-11-05T14:47:15.243Z"}
{"level":"info","message":"Server started on port 3001","timestamp":"2024-11-05T14:49:47.760Z"}
{"level":"info","message":"Database & tables created!","timestamp":"2024-11-05T14:49:48.667Z"}
{"level":"info","message":"Server started on port 3001","timestamp":"2024-11-05T15:33:53.580Z"}
{"level":"info","message":"Database & tables created!","timestamp":"2024-11-05T15:33:54.402Z"}
{"level":"info","message":"Server started on port 3001","timestamp":"2024-11-05T15:34:20.534Z"}
{"level":"info","message":"Database & tables created!","timestamp":"2024-11-05T15:34:20.661Z"}
{"level":"info","message":"Server started on port 3001","timestamp":"2024-11-11T15:26:53.428Z"}
{"level":"info","message":"Database & tables created!","timestamp":"2024-11-11T15:26:53.672Z"}
{"level":"info","message":"Server started on port 3001","timestamp":"2024-11-11T15:28:59.013Z"}
{"level":"info","message":"Database & tables created!","timestamp":"2024-11-11T15:28:59.793Z"}
{"level":"info","message":"Server started on port 3001","timestamp":"2024-11-11T15:29:09.031Z"}
{"level":"info","message":"Database & tables created!","timestamp":"2024-11-11T15:29:09.188Z"}
{"level":"info","message":"Server started on port 3001","timestamp":"2024-11-12T12:03:37.690Z"}
{"level":"info","message":"Database & tables created!","timestamp":"2024-11-12T12:03:37.788Z"}
{"level":"info","message":"Server started on port 3001","timestamp":"2024-11-13T11:59:34.286Z"}
{"level":"info","message":"Database & tables created!","timestamp":"2024-11-13T11:59:34.431Z"}
{"level":"info","message":"Server started on port 3001","timestamp":"2024-11-13T14:58:06.894Z"}
{"level":"info","message":"Database & tables created!","timestamp":"2024-11-13T14:58:06.979Z"}
{"level":"info","message":"Server started on port 3001","timestamp":"2024-11-14T11:08:34.796Z"}
{"level":"info","message":"Database & tables created!","timestamp":"2024-11-14T11:08:34.922Z"}
{"level":"info","message":"Server started on port 3001","timestamp":"2024-11-15T11:16:07.660Z"}
{"level":"info","message":"Database & tables created!","timestamp":"2024-11-15T11:16:07.909Z"}
{"level":"info","message":"Server started on port 3001","timestamp":"2024-11-15T12:32:12.004Z"}
{"level":"info","message":"Database & tables created!","timestamp":"2024-11-15T12:32:12.090Z"}
{"level":"info","message":"Server started on port 3001","timestamp":"2024-11-15T12:32:34.579Z"}
{"level":"info","message":"Database & tables created!","timestamp":"2024-11-15T12:32:34.670Z"}
{"level":"info","message":"Server started on port 3001","timestamp":"2024-11-15T13:04:57.203Z"}
{"level":"info","message":"Database & tables created!","timestamp":"2024-11-15T13:04:57.306Z"}
{"level":"info","message":"Server started on port 3001","timestamp":"2024-11-15T13:05:55.823Z"}
{"level":"info","message":"Database & tables created!","timestamp":"2024-11-15T13:05:55.909Z"}
{"code":"LIMIT_UNEXPECTED_FILE","field":"photos[0]","level":"error","message":"Global error handler: Unexpected field","name":"MulterError","stack":"MulterError: Unexpected field\n    at wrappedFileFilter (C:\\Users\\xicod\\Projetos\\social-cook\\backend\\node_modules\\multer\\index.js:40:19)\n    at Multipart.<anonymous> (C:\\Users\\xicod\\Projetos\\social-cook\\backend\\node_modules\\multer\\lib\\make-middleware.js:107:7)\n    at Multipart.emit (node:events:518:28)\n    at Multipart.emit (node:domain:488:12)\n    at HeaderParser.cb (C:\\Users\\xicod\\Projetos\\social-cook\\backend\\node_modules\\busboy\\lib\\types\\multipart.js:358:14)\n    at HeaderParser.push (C:\\Users\\xicod\\Projetos\\social-cook\\backend\\node_modules\\busboy\\lib\\types\\multipart.js:162:20)\n    at SBMH.ssCb [as _cb] (C:\\Users\\xicod\\Projetos\\social-cook\\backend\\node_modules\\busboy\\lib\\types\\multipart.js:394:37)\n    at feed (C:\\Users\\xicod\\Projetos\\social-cook\\backend\\node_modules\\streamsearch\\lib\\sbmh.js:248:10)\n    at SBMH.push (C:\\Users\\xicod\\Projetos\\social-cook\\backend\\node_modules\\streamsearch\\lib\\sbmh.js:104:16)\n    at Multipart._write (C:\\Users\\xicod\\Projetos\\social-cook\\backend\\node_modules\\busboy\\lib\\types\\multipart.js:567:19)","storageErrors":[],"timestamp":"2024-11-15T13:06:26.923Z"}
{"code":"LIMIT_UNEXPECTED_FILE","field":"photos[0]","level":"error","message":"Global error handler: Unexpected field","name":"MulterError","stack":"MulterError: Unexpected field\n    at wrappedFileFilter (C:\\Users\\xicod\\Projetos\\social-cook\\backend\\node_modules\\multer\\index.js:40:19)\n    at Multipart.<anonymous> (C:\\Users\\xicod\\Projetos\\social-cook\\backend\\node_modules\\multer\\lib\\make-middleware.js:107:7)\n    at Multipart.emit (node:events:518:28)\n    at Multipart.emit (node:domain:488:12)\n    at HeaderParser.cb (C:\\Users\\xicod\\Projetos\\social-cook\\backend\\node_modules\\busboy\\lib\\types\\multipart.js:358:14)\n    at HeaderParser.push (C:\\Users\\xicod\\Projetos\\social-cook\\backend\\node_modules\\busboy\\lib\\types\\multipart.js:162:20)\n    at SBMH.ssCb [as _cb] (C:\\Users\\xicod\\Projetos\\social-cook\\backend\\node_modules\\busboy\\lib\\types\\multipart.js:394:37)\n    at feed (C:\\Users\\xicod\\Projetos\\social-cook\\backend\\node_modules\\streamsearch\\lib\\sbmh.js:248:10)\n    at SBMH.push (C:\\Users\\xicod\\Projetos\\social-cook\\backend\\node_modules\\streamsearch\\lib\\sbmh.js:104:16)\n    at Multipart._write (C:\\Users\\xicod\\Projetos\\social-cook\\backend\\node_modules\\busboy\\lib\\types\\multipart.js:567:19)","storageErrors":[],"timestamp":"2024-11-15T13:06:47.026Z"}
{"code":"LIMIT_UNEXPECTED_FILE","field":"photos","level":"error","message":"Global error handler: Unexpected field","name":"MulterError","stack":"MulterError: Unexpected field\n    at wrappedFileFilter (C:\\Users\\xicod\\Projetos\\social-cook\\backend\\node_modules\\multer\\index.js:40:19)\n    at Multipart.<anonymous> (C:\\Users\\xicod\\Projetos\\social-cook\\backend\\node_modules\\multer\\lib\\make-middleware.js:107:7)\n    at Multipart.emit (node:events:518:28)\n    at Multipart.emit (node:domain:488:12)\n    at HeaderParser.cb (C:\\Users\\xicod\\Projetos\\social-cook\\backend\\node_modules\\busboy\\lib\\types\\multipart.js:358:14)\n    at HeaderParser.push (C:\\Users\\xicod\\Projetos\\social-cook\\backend\\node_modules\\busboy\\lib\\types\\multipart.js:162:20)\n    at SBMH.ssCb [as _cb] (C:\\Users\\xicod\\Projetos\\social-cook\\backend\\node_modules\\busboy\\lib\\types\\multipart.js:394:37)\n    at feed (C:\\Users\\xicod\\Projetos\\social-cook\\backend\\node_modules\\streamsearch\\lib\\sbmh.js:248:10)\n    at SBMH.push (C:\\Users\\xicod\\Projetos\\social-cook\\backend\\node_modules\\streamsearch\\lib\\sbmh.js:104:16)\n    at Multipart._write (C:\\Users\\xicod\\Projetos\\social-cook\\backend\\node_modules\\busboy\\lib\\types\\multipart.js:567:19)","storageErrors":[],"timestamp":"2024-11-15T13:08:37.017Z"}
{"level":"info","message":"Server started on port 3001","timestamp":"2024-11-15T13:11:38.492Z"}
{"level":"info","message":"Database & tables created!","timestamp":"2024-11-15T13:11:38.612Z"}
{"level":"info","message":"Server started on port 3001","timestamp":"2024-11-15T13:15:29.395Z"}
{"level":"info","message":"Database & tables created!","timestamp":"2024-11-15T13:15:29.478Z"}
{"level":"info","message":"Server started on port 3001","timestamp":"2024-11-15T13:16:26.112Z"}
{"level":"info","message":"Database & tables created!","timestamp":"2024-11-15T13:16:26.199Z"}
{"level":"info","message":"Server started on port 3001","timestamp":"2024-11-15T13:17:51.951Z"}
{"level":"info","message":"Database & tables created!","timestamp":"2024-11-15T13:17:52.036Z"}
{"level":"info","message":"Server started on port 3001","timestamp":"2024-11-15T13:18:51.509Z"}
{"level":"info","message":"Database & tables created!","timestamp":"2024-11-15T13:18:51.649Z"}
{"level":"info","message":"Server started on port 3001","timestamp":"2024-11-15T13:22:04.976Z"}
{"level":"info","message":"Database & tables created!","timestamp":"2024-11-15T13:22:05.066Z"}
{"level":"info","message":"Server started on port 3001","timestamp":"2024-11-15T13:22:07.651Z"}
{"level":"info","message":"Database & tables created!","timestamp":"2024-11-15T13:22:07.783Z"}
{"level":"info","message":"Server started on port 3001","timestamp":"2024-11-15T13:48:25.728Z"}
{"level":"info","message":"Database & tables created!","timestamp":"2024-11-15T13:48:25.815Z"}
{"level":"info","message":"Server started on port 3001","timestamp":"2024-11-15T13:51:40.105Z"}
{"level":"info","message":"Database & tables created!","timestamp":"2024-11-15T13:51:40.187Z"}
{"level":"info","message":"Server started on port 3001","timestamp":"2024-11-15T13:53:14.742Z"}
{"level":"info","message":"Database & tables created!","timestamp":"2024-11-15T13:53:14.825Z"}
{"level":"info","message":"Server started on port 3001","timestamp":"2024-11-15T13:56:23.470Z"}
{"level":"info","message":"Database & tables created!","timestamp":"2024-11-15T13:56:23.555Z"}
{"level":"info","message":"Server started on port 3001","timestamp":"2024-11-15T14:03:39.547Z"}
{"level":"info","message":"Database & tables created!","timestamp":"2024-11-15T14:03:39.630Z"}
{"level":"info","message":"Server started on port 3001","timestamp":"2024-11-15T14:06:05.335Z"}
{"level":"info","message":"Database & tables created!","timestamp":"2024-11-15T14:06:05.418Z"}
{"level":"info","message":"Server started on port 3001","timestamp":"2024-11-15T14:14:58.740Z"}
{"level":"info","message":"Database & tables created!","timestamp":"2024-11-15T14:14:58.820Z"}
{"level":"info","message":"Server started on port 3001","timestamp":"2024-11-15T14:23:02.850Z"}
{"level":"info","message":"Database & tables created!","timestamp":"2024-11-15T14:23:02.951Z"}
{"level":"info","message":"Server started on port 3001","timestamp":"2024-11-15T14:26:44.287Z"}
{"level":"info","message":"Database & tables created!","timestamp":"2024-11-15T14:26:44.376Z"}
{"level":"info","message":"Server started on port 3001","timestamp":"2024-11-15T14:30:33.962Z"}
{"level":"info","message":"Database & tables created!","timestamp":"2024-11-15T14:30:34.044Z"}
{"level":"info","message":"Server started on port 3001","timestamp":"2024-11-15T14:34:01.279Z"}
{"level":"info","message":"Database & tables created!","timestamp":"2024-11-15T14:34:01.365Z"}
{"level":"info","message":"Server started on port 3001","timestamp":"2024-11-15T14:34:57.446Z"}
{"level":"info","message":"Database & tables created!","timestamp":"2024-11-15T14:34:57.529Z"}
{"level":"info","message":"Server started on port 3001","timestamp":"2024-11-15T14:35:03.957Z"}
{"level":"info","message":"Database & tables created!","timestamp":"2024-11-15T14:35:04.041Z"}
{"level":"info","message":"Server started on port 3001","timestamp":"2024-11-15T14:35:50.249Z"}
{"level":"info","message":"Database & tables created!","timestamp":"2024-11-15T14:35:50.331Z"}
{"level":"info","message":"Server started on port 3001","timestamp":"2024-11-15T14:37:15.013Z"}
{"level":"info","message":"Database & tables created!","timestamp":"2024-11-15T14:37:15.112Z"}
{"level":"info","message":"Server started on port 3001","timestamp":"2024-11-15T14:40:46.859Z"}
{"level":"info","message":"Database & tables created!","timestamp":"2024-11-15T14:40:46.941Z"}
{"level":"info","message":"Server started on port 3001","timestamp":"2024-11-15T14:41:49.151Z"}
{"level":"info","message":"Database & tables created!","timestamp":"2024-11-15T14:41:49.241Z"}
{"level":"info","message":"Server started on port 3001","timestamp":"2024-11-15T14:43:12.168Z"}
{"level":"info","message":"Database & tables created!","timestamp":"2024-11-15T14:43:12.256Z"}
{"level":"info","message":"Server started on port 3001","timestamp":"2024-11-15T14:46:30.138Z"}
{"level":"info","message":"Database & tables created!","timestamp":"2024-11-15T14:46:30.233Z"}
{"level":"info","message":"Server started on port 3001","timestamp":"2024-11-15T14:47:25.543Z"}
{"level":"info","message":"Database & tables created!","timestamp":"2024-11-15T14:47:25.637Z"}
{"level":"info","message":"Server started on port 3001","timestamp":"2024-11-15T14:49:36.484Z"}
{"level":"info","message":"Database & tables created!","timestamp":"2024-11-15T14:49:36.569Z"}
{"level":"info","message":"Server started on port 3001","timestamp":"2024-11-15T14:51:04.202Z"}
{"level":"info","message":"Database & tables created!","timestamp":"2024-11-15T14:51:04.283Z"}
{"level":"info","message":"Server started on port 3001","timestamp":"2024-11-15T14:52:04.641Z"}
{"level":"info","message":"Database & tables created!","timestamp":"2024-11-15T14:52:04.724Z"}
{"level":"info","message":"Server started on port 3001","timestamp":"2024-11-15T14:52:16.927Z"}
{"level":"info","message":"Database & tables created!","timestamp":"2024-11-15T14:52:17.010Z"}
{"level":"info","message":"Server started on port 3001","timestamp":"2024-11-15T15:00:33.081Z"}
{"level":"info","message":"Database & tables created!","timestamp":"2024-11-15T15:00:33.163Z"}
{"level":"info","message":"Server started on port 3001","timestamp":"2024-11-15T15:05:33.057Z"}
{"level":"info","message":"Database & tables created!","timestamp":"2024-11-15T15:05:33.138Z"}
{"level":"info","message":"Server started on port 3001","timestamp":"2024-11-15T15:31:14.213Z"}
{"level":"info","message":"Database & tables created!","timestamp":"2024-11-15T15:31:14.297Z"}
{"level":"info","message":"Server started on port 3001","timestamp":"2024-11-15T15:32:46.517Z"}
{"level":"info","message":"Database & tables created!","timestamp":"2024-11-15T15:32:46.608Z"}
{"level":"info","message":"Server started on port 3001","timestamp":"2024-11-15T15:33:09.846Z"}
{"level":"info","message":"Database & tables created!","timestamp":"2024-11-15T15:33:09.929Z"}
{"level":"info","message":"Server started on port 3001","timestamp":"2024-11-15T15:33:13.219Z"}
{"level":"info","message":"Database & tables created!","timestamp":"2024-11-15T15:33:13.308Z"}
{"level":"info","message":"Server started on port 3001","timestamp":"2024-11-16T13:57:08.248Z"}
{"level":"info","message":"Database & tables created!","timestamp":"2024-11-16T13:57:08.409Z"}
{"level":"info","message":"Server started on port 3001","timestamp":"2024-11-18T14:48:18.715Z"}
{"level":"info","message":"Database & tables created!","timestamp":"2024-11-18T14:48:18.866Z"}
{"level":"info","message":"Server started on port 3001","timestamp":"2024-11-19T10:15:01.640Z"}
{"level":"info","message":"Database & tables created!","timestamp":"2024-11-19T10:15:01.740Z"}
{"level":"info","message":"Server started on port 3001","timestamp":"2024-11-19T10:45:18.190Z"}
{"level":"info","message":"Database & tables created!","timestamp":"2024-11-19T10:45:18.275Z"}
{"level":"info","message":"Server started on port 3001","timestamp":"2024-11-19T10:45:51.900Z"}
{"level":"info","message":"Database & tables created!","timestamp":"2024-11-19T10:45:51.981Z"}
{"level":"info","message":"Server started on port 3001","timestamp":"2024-11-19T10:48:59.680Z"}
{"level":"info","message":"Database & tables created!","timestamp":"2024-11-19T10:48:59.760Z"}
{"level":"info","message":"Server started on port 3001","timestamp":"2024-11-19T10:49:18.899Z"}
{"level":"info","message":"Database & tables created!","timestamp":"2024-11-19T10:49:18.993Z"}
{"level":"info","message":"Server started on port 3001","timestamp":"2024-11-19T14:57:50.398Z"}
{"level":"info","message":"Database & tables created!","timestamp":"2024-11-19T14:57:50.612Z"}
{"level":"info","message":"Server started on port 3001","timestamp":"2024-11-19T17:45:27.102Z"}
{"level":"info","message":"Database & tables created!","timestamp":"2024-11-19T17:45:27.194Z"}
{"level":"info","message":"Server started on port 3001","timestamp":"2024-11-19T17:50:16.146Z"}
{"level":"info","message":"Database & tables created!","timestamp":"2024-11-19T17:50:16.234Z"}
{"level":"info","message":"Server started on port 3001","timestamp":"2024-11-21T14:23:19.442Z"}
{"level":"info","message":"Database & tables created!","timestamp":"2024-11-21T14:23:19.628Z"}
{"level":"info","message":"Server started on port 3001","timestamp":"2024-11-22T10:28:35.141Z"}
{"level":"info","message":"Database & tables created!","timestamp":"2024-11-22T10:28:35.244Z"}
{"level":"info","message":"Server started on port 3001","timestamp":"2024-11-22T12:25:26.822Z"}
{"level":"info","message":"Database & tables created!","timestamp":"2024-11-22T12:25:26.903Z"}
{"level":"info","message":"Server started on port 3001","timestamp":"2024-11-22T12:27:27.439Z"}
{"level":"info","message":"Database & tables created!","timestamp":"2024-11-22T12:27:27.535Z"}
{"level":"info","message":"Server started on port 3001","timestamp":"2024-11-22T12:28:40.336Z"}
{"level":"info","message":"Database & tables created!","timestamp":"2024-11-22T12:28:40.418Z"}
{"level":"info","message":"Server started on port 3001","timestamp":"2024-11-22T12:31:01.726Z"}
{"level":"info","message":"Database & tables created!","timestamp":"2024-11-22T12:31:01.831Z"}
{"level":"info","message":"Server started on port 3001","timestamp":"2024-11-22T12:33:01.489Z"}
{"level":"info","message":"Database & tables created!","timestamp":"2024-11-22T12:33:01.574Z"}
{"level":"info","message":"Server started on port 3001","timestamp":"2024-11-22T12:33:32.448Z"}
{"level":"info","message":"Database & tables created!","timestamp":"2024-11-22T12:33:32.535Z"}
{"level":"info","message":"Server started on port 3001","timestamp":"2024-11-22T12:36:57.076Z"}
{"level":"info","message":"Database & tables created!","timestamp":"2024-11-22T12:36:57.183Z"}
{"level":"info","message":"Server started on port 3001","timestamp":"2024-11-22T15:07:34.284Z"}
{"level":"info","message":"Database & tables created!","timestamp":"2024-11-22T15:07:34.408Z"}
{"level":"info","message":"Server started on port 3001","timestamp":"2024-11-22T15:13:01.428Z"}
{"level":"info","message":"Database & tables created!","timestamp":"2024-11-22T15:13:01.529Z"}
{"level":"info","message":"Server started on port 3001","timestamp":"2024-11-22T15:14:40.950Z"}
{"level":"info","message":"Database & tables created!","timestamp":"2024-11-22T15:14:41.038Z"}
{"level":"info","message":"Server started on port 3001","timestamp":"2024-11-22T15:16:29.984Z"}
{"level":"info","message":"Database & tables created!","timestamp":"2024-11-22T15:16:30.072Z"}
{"level":"info","message":"Server started on port 3001","timestamp":"2024-11-22T16:16:47.361Z"}
{"level":"info","message":"Database & tables created!","timestamp":"2024-11-22T16:16:47.448Z"}
{"level":"info","message":"Server started on port 3001","timestamp":"2024-11-22T16:18:34.299Z"}
{"level":"info","message":"Database & tables created!","timestamp":"2024-11-22T16:18:34.385Z"}
{"level":"info","message":"Server started on port 3001","timestamp":"2024-11-22T16:18:57.347Z"}
{"level":"info","message":"Database & tables created!","timestamp":"2024-11-22T16:18:57.433Z"}
{"level":"info","message":"Server started on port 3001","timestamp":"2024-11-22T16:19:27.896Z"}
{"level":"info","message":"Database & tables created!","timestamp":"2024-11-22T16:19:27.980Z"}
{"level":"info","message":"Server started on port 3001","timestamp":"2024-11-22T16:20:13.784Z"}
{"level":"info","message":"Database & tables created!","timestamp":"2024-11-22T16:20:13.872Z"}
{"level":"info","message":"Server started on port 3001","timestamp":"2024-11-22T16:21:13.156Z"}
{"level":"info","message":"Database & tables created!","timestamp":"2024-11-22T16:21:13.240Z"}
{"level":"info","message":"Server started on port 3001","timestamp":"2024-11-22T16:22:08.280Z"}
{"level":"info","message":"Database & tables created!","timestamp":"2024-11-22T16:22:08.364Z"}
{"level":"info","message":"Server started on port 3001","timestamp":"2024-11-22T16:22:40.280Z"}
{"level":"info","message":"Database & tables created!","timestamp":"2024-11-22T16:22:40.367Z"}
{"level":"info","message":"Server started on port 3001","timestamp":"2024-11-22T16:30:18.597Z"}
{"level":"info","message":"Database & tables created!","timestamp":"2024-11-22T16:30:18.683Z"}
{"level":"info","message":"Server started on port 3001","timestamp":"2024-11-22T16:37:27.348Z"}
{"level":"info","message":"Database & tables created!","timestamp":"2024-11-22T16:37:27.441Z"}
{"level":"info","message":"Server started on port 3001","timestamp":"2024-11-25T16:16:33.719Z"}
{"level":"info","message":"Database & tables created!","timestamp":"2024-11-25T16:16:33.908Z"}
{"level":"info","message":"Server started on port 3001","timestamp":"2024-11-25T16:29:36.254Z"}
{"level":"info","message":"Database & tables created!","timestamp":"2024-11-25T16:29:36.344Z"}
{"level":"info","message":"Server started on port 3001","timestamp":"2024-11-25T16:29:58.334Z"}
{"level":"info","message":"Database & tables created!","timestamp":"2024-11-25T16:29:58.423Z"}
{"level":"info","message":"Server started on port 3001","timestamp":"2024-11-25T16:30:31.234Z"}
{"level":"info","message":"Database & tables created!","timestamp":"2024-11-25T16:30:31.323Z"}
{"level":"info","message":"Server started on port 3001","timestamp":"2024-11-25T16:31:49.241Z"}
{"level":"info","message":"Database & tables created!","timestamp":"2024-11-25T16:31:49.330Z"}
{"level":"info","message":"Server started on port 3001","timestamp":"2024-11-25T16:32:19.677Z"}
{"level":"info","message":"Database & tables created!","timestamp":"2024-11-25T16:32:19.761Z"}
{"level":"info","message":"Server started on port 3001","timestamp":"2024-11-25T16:33:51.103Z"}
{"level":"info","message":"Database & tables created!","timestamp":"2024-11-25T16:33:51.193Z"}
{"level":"info","message":"Server started on port 3001","timestamp":"2024-11-25T16:35:53.225Z"}
{"level":"info","message":"Database & tables created!","timestamp":"2024-11-25T16:35:53.316Z"}
{"level":"info","message":"Server started on port 3001","timestamp":"2024-11-25T16:36:30.280Z"}
{"level":"info","message":"Database & tables created!","timestamp":"2024-11-25T16:36:30.368Z"}
{"level":"info","message":"Server started on port 3001","timestamp":"2024-11-25T16:36:48.479Z"}
{"level":"info","message":"Database & tables created!","timestamp":"2024-11-25T16:36:48.569Z"}
{"level":"info","message":"Server started on port 3001","timestamp":"2024-11-25T16:37:40.745Z"}
{"level":"info","message":"Database & tables created!","timestamp":"2024-11-25T16:37:40.827Z"}
{"level":"info","message":"Server started on port 3001","timestamp":"2024-11-25T16:40:41.683Z"}
{"level":"info","message":"Database & tables created!","timestamp":"2024-11-25T16:40:41.773Z"}
{"level":"info","message":"Server started on port 3001","timestamp":"2024-11-25T16:43:42.518Z"}
{"level":"info","message":"Database & tables created!","timestamp":"2024-11-25T16:43:42.603Z"}
{"level":"info","message":"Server started on port 3001","timestamp":"2024-11-25T17:18:07.023Z"}
{"level":"info","message":"Database & tables created!","timestamp":"2024-11-25T17:18:07.164Z"}
{"level":"info","message":"Server started on port 3001","timestamp":"2024-11-26T09:48:13.391Z"}
{"level":"info","message":"Database & tables created!","timestamp":"2024-11-26T09:48:13.484Z"}
{"level":"info","message":"Server started on port 3001","timestamp":"2024-11-26T10:33:42.618Z"}
{"level":"info","message":"Database & tables created!","timestamp":"2024-11-26T10:33:42.704Z"}
{"level":"info","message":"Server started on port 3001","timestamp":"2024-11-26T10:36:24.361Z"}
{"level":"info","message":"Database & tables created!","timestamp":"2024-11-26T10:36:24.445Z"}
{"level":"info","message":"Server started on port 3001","timestamp":"2024-11-26T10:37:18.956Z"}
{"level":"info","message":"Database & tables created!","timestamp":"2024-11-26T10:37:19.048Z"}
{"level":"info","message":"Server started on port 3001","timestamp":"2024-11-26T14:59:35.894Z"}
{"level":"info","message":"Database & tables created!","timestamp":"2024-11-26T14:59:35.979Z"}
{"level":"info","message":"Server started on port 3001","timestamp":"2024-11-26T15:00:25.091Z"}
{"level":"info","message":"Database & tables created!","timestamp":"2024-11-26T15:00:25.174Z"}
{"level":"info","message":"Server started on port 3001","timestamp":"2024-11-27T12:19:30.730Z"}
{"level":"info","message":"Database & tables created!","timestamp":"2024-11-27T12:19:30.922Z"}
{"level":"info","message":"Server started on port 3001","timestamp":"2024-11-27T14:55:02.913Z"}
{"level":"info","message":"Database & tables created!","timestamp":"2024-11-27T14:55:03.006Z"}
{"level":"info","message":"Server started on port 3001","timestamp":"2024-11-28T10:29:10.677Z"}
{"level":"info","message":"Database & tables created!","timestamp":"2024-11-28T10:29:10.774Z"}
